2025-11-14 21:38:45 [INFO] Started simulation at 2025-11-14 21:38:45.068895
2025-11-14 21:38:45 [INFO] Geometry defined with:
2025-11-14 21:38:45 [INFO]   - Domain radius: 500.00
2025-11-14 21:38:45 [INFO]   - SiC depth: 195.00
2025-11-14 21:38:45 [INFO]   - SiO2 thickness: 5.00
2025-11-14 21:38:45 [INFO]   - Vacuum height: 200.00
2025-11-14 21:38:45 [INFO]   - Tip radius: 45.00
2025-11-14 21:38:45 [INFO]   - Tip height: 8.00
2025-11-14 21:38:45 [INFO] Checking geometry integrity...
2025-11-14 21:38:45 [INFO]   - Number of points defined: 17
2025-11-14 21:38:45 [INFO] Starting mesh generation...
2025-11-14 21:38:45 [INFO]   (This may take a while for complex geometries...)
2025-11-14 21:38:46 [INFO] Mesh generation completed
2025-11-14 21:38:46 [INFO] Mesh generated with 32582 elements and 16540 vertices
2025-11-14 21:38:46 [INFO] {
  "L_c": 1e-09,
  "V_c": 0.025851999786435535,
  "C0": 6.999508091037586e-25,
  "Ef_dimless": 119.46525458332866,
  "Ec_dimless": 126.10243025417755,
  "Ev_dimless": 0.0,
  "Edh_dimless": 121.30589609727016,
  "Edc_dimless": 123.54943626743653,
  "lambda_ff": 0.0019999999999999996,
  "sigma_s_target": 6.999508091037585,
  "Feenstra": true
}
2025-11-14 21:38:46 [INFO] Performing warm-start with linear Poisson equation...
2025-11-14 21:38:46 [INFO]   [Linear Warm-up] Solved at V_tip = 0.50 V
2025-11-14 21:38:46 [INFO]   [Linear Warm-up] Solved at V_tip = 1.00 V
2025-11-14 21:38:46 [INFO]   [Linear Warm-up] Solved at V_tip = 1.50 V
2025-11-14 21:38:46 [INFO]   [Linear Warm-up] Solved at V_tip = 2.00 V
2025-11-14 21:38:46 [INFO] --- Starting Homotopy Stage: Space Charge ---
2025-11-14 21:38:48 [INFO]   [Space Charge Homotopy: θ=0.100] Converged in 11 Newton iterations.
2025-11-14 21:38:49 [INFO]   [Space Charge Homotopy: θ=0.250] Converged in 7 Newton iterations.
2025-11-14 21:38:50 [INFO]   [Space Charge Homotopy: θ=0.475] Converged in 6 Newton iterations.
2025-11-14 21:38:50 [INFO]   [Space Charge Homotopy: θ=0.812] Converged in 6 Newton iterations.
2025-11-14 21:38:51 [INFO]   [Space Charge Homotopy: θ=1.000] Converged in 6 Newton iterations.
2025-11-14 21:38:51 [INFO] --- Starting Homotopy Stage: Interface Charge ---
2025-11-14 21:38:52 [INFO]   [Interface Charge Homotopy: θ=0.100] Converged in 6 Newton iterations.
2025-11-14 21:38:53 [INFO]   [Interface Charge Homotopy: θ=0.250] Converged in 6 Newton iterations.
2025-11-14 21:38:54 [INFO]   [Interface Charge Homotopy: θ=0.475] Converged in 6 Newton iterations.
2025-11-14 21:38:55 [INFO]   [Interface Charge Homotopy: θ=0.812] Converged in 6 Newton iterations.
2025-11-14 21:38:56 [INFO]   [Interface Charge Homotopy: θ=1.000] Converged in 6 Newton iterations.
2025-11-14 21:38:56 [INFO] Saved results to out2
2025-11-14 21:38:56 [INFO] Finished simulation at 2025-11-14 21:38:56.254467, duration: 0:00:11.185572
