2025-11-13 16:55:18 [INFO] Started simulation at 2025-11-13 16:55:18.265514
2025-11-13 16:55:18 [INFO] Geometry defined with:
2025-11-13 16:55:18 [INFO]   - Domain radius: 500.00
2025-11-13 16:55:18 [INFO]   - Diamond depth: 200.00
2025-11-13 16:55:18 [INFO]   - Vacuum height: 200.00
2025-11-13 16:55:18 [INFO]   - Tip radius: 45.00
2025-11-13 16:55:18 [INFO]   - Tip height: 8.00
2025-11-13 16:55:18 [INFO]   - Virtual layer thickness: 5.00
2025-11-13 16:55:18 [INFO] Checking geometry integrity...
2025-11-13 16:55:18 [INFO]   - Number of points defined: 15
2025-11-13 16:55:18 [INFO] Starting mesh generation...
2025-11-13 16:55:18 [INFO]   (This may take a while for complex geometries...)
2025-11-13 16:55:19 [INFO] Mesh generation completed
2025-11-13 16:55:19 [INFO] Mesh generated with 47672 elements and 24021 vertices
2025-11-13 16:55:19 [INFO] {
  "L_c": 1e-09,
  "V_c": 0.025851999786435535,
  "C0": 6.999508091037586e-25,
  "Ef_dimless": 10.678478576514296,
  "Ec_dimless": 212.74949889508483,
  "Ev_dimless": 0.0,
  "Ea_dimless": 14.312239016578433,
  "lambda_ff": 0.0019999999999999996,
  "sigma_s_target": -6.999508091037585,
  "Feenstra": true
}
2025-11-13 16:55:19 [INFO] Performing warm-start with linear Poisson equation...
2025-11-13 16:55:20 [INFO]   [Linear Warm-up] Solved at V_tip = 0.00 V
2025-11-13 16:55:20 [INFO]   [Linear Warm-up] Solved at V_tip = 0.00 V
2025-11-13 16:55:20 [INFO]   [Linear Warm-up] Solved at V_tip = 0.00 V
2025-11-13 16:55:20 [INFO]   [Linear Warm-up] Solved at V_tip = 0.00 V
2025-11-13 16:55:20 [INFO] --- Starting Homotopy Stage: Space Charge ---
2025-11-13 16:55:20 [INFO]   [Space Charge Homotopy: θ=0.100] Converged in 1 Newton iterations.
2025-11-13 16:55:20 [INFO]   [Space Charge Homotopy: θ=0.250] Converged in 1 Newton iterations.
2025-11-13 16:55:21 [INFO]   [Space Charge Homotopy: θ=0.475] Converged in 1 Newton iterations.
2025-11-13 16:55:21 [INFO]   [Space Charge Homotopy: θ=0.812] Converged in 1 Newton iterations.
2025-11-13 16:55:21 [INFO]   [Space Charge Homotopy: θ=1.000] Converged in 1 Newton iterations.
2025-11-13 16:55:21 [INFO] --- Starting Homotopy Stage: Interface Charge ---
2025-11-13 16:55:23 [INFO]   [Interface Charge Homotopy: θ=0.100] Converged in 10 Newton iterations.
2025-11-13 16:55:24 [INFO]   [Interface Charge Homotopy: θ=0.250] Converged in 6 Newton iterations.
2025-11-13 16:55:25 [INFO]   [Interface Charge Homotopy: θ=0.475] Converged in 6 Newton iterations.
2025-11-13 16:55:26 [INFO]   [Interface Charge Homotopy: θ=0.812] Converged in 5 Newton iterations.
2025-11-13 16:55:27 [INFO]   [Interface Charge Homotopy: θ=1.000] Converged in 6 Newton iterations.
2025-11-13 16:55:27 [INFO] Saved results to out_dia_1E12
2025-11-13 16:55:27 [INFO] Finished simulation at 2025-11-13 16:55:27.573629, duration: 0:00:09.308115
