# mpiexec -n 1 python main.py --out_dir example_gpu --V_tip 2.0 --petsc-args -vec_type cuda -mat_type aijcusparse
2025-10-08 16:30:45 [INFO] Calculated Fermi Level: Ef = 3.0891 eV
2025-10-08 16:30:45 [INFO] Starting mesh generation with Gmsh...
2025-10-08 16:30:46 [INFO] Mesh generation completed.
2025-10-08 16:30:46 [INFO] Performing warm-start with linear Poisson equation...
2025-10-08 16:30:46 [INFO]   [Linear Warm-up] Solved at V_tip = 0.50 V
2025-10-08 16:30:46 [INFO]   [Linear Warm-up] Solved at V_tip = 1.00 V
2025-10-08 16:30:46 [INFO]   [Linear Warm-up] Solved at V_tip = 1.50 V
2025-10-08 16:30:46 [INFO]   [Linear Warm-up] Solved at V_tip = 2.00 V
2025-10-08 16:30:46 [INFO] --- Starting Homotopy Stage: Space Charge ---
2025-10-08 16:30:48 [INFO]   [Space Charge Homotopy: θ=0.100] Converged in 20 Newton iterations.
2025-10-08 16:30:48 [INFO]   [Space Charge Homotopy: θ=0.200] Converged in 18 Newton iterations.
2025-10-08 16:30:49 [INFO]   [Space Charge Homotopy: θ=0.300] Converged in 18 Newton iterations.
2025-10-08 16:30:50 [INFO]   [Space Charge Homotopy: θ=0.400] Converged in 18 Newton iterations.
2025-10-08 16:30:50 [INFO]   [Space Charge Homotopy: θ=0.500] Converged in 18 Newton iterations.
2025-10-08 16:30:51 [INFO]   [Space Charge Homotopy: θ=0.600] Converged in 18 Newton iterations.
2025-10-08 16:30:52 [INFO]   [Space Charge Homotopy: θ=0.700] Converged in 18 Newton iterations.
2025-10-08 16:30:52 [INFO]   [Space Charge Homotopy: θ=0.800] Converged in 18 Newton iterations.
2025-10-08 16:30:53 [INFO]   [Space Charge Homotopy: θ=0.900] Converged in 18 Newton iterations.
2025-10-08 16:30:54 [INFO]   [Space Charge Homotopy: θ=1.000] Converged in 18 Newton iterations.
2025-10-08 16:30:54 [INFO] --- Starting Homotopy Stage: Interface Charge ---
2025-10-08 16:30:54 [INFO]   [Interface Charge Homotopy: θ=0.100] Converged in 19 Newton iterations.
2025-10-08 16:30:55 [INFO]   [Interface Charge Homotopy: θ=0.200] Converged in 19 Newton iterations.
2025-10-08 16:30:56 [INFO]   [Interface Charge Homotopy: θ=0.300] Converged in 19 Newton iterations.
2025-10-08 16:30:56 [INFO]   [Interface Charge Homotopy: θ=0.400] Converged in 19 Newton iterations.
2025-10-08 16:30:57 [INFO]   [Interface Charge Homotopy: θ=0.500] Converged in 19 Newton iterations.
2025-10-08 16:30:58 [INFO]   [Interface Charge Homotopy: θ=0.600] Converged in 19 Newton iterations.
2025-10-08 16:30:59 [INFO]   [Interface Charge Homotopy: θ=0.700] Converged in 19 Newton iterations.
2025-10-08 16:30:59 [INFO]   [Interface Charge Homotopy: θ=0.800] Converged in 19 Newton iterations.
2025-10-08 16:31:00 [INFO]   [Interface Charge Homotopy: θ=0.900] Converged in 19 Newton iterations.
2025-10-08 16:31:01 [INFO]   [Interface Charge Homotopy: θ=1.000] Converged in 19 Newton iterations.
2025-10-08 16:31:01 [INFO] Solution saved to example_gpu/solution.xdmf
2025-10-08 16:31:01 [INFO] Data for analysis saved to example_gpu/*.bp
