2025-10-09 23:44:45 [INFO] Started simulation at 2025-10-09 23:44:45.618081
2025-10-09 23:44:45 [INFO] Geometry defined with:
2025-10-09 23:44:45 [INFO]   - Domain radius: 500.00
2025-10-09 23:44:45 [INFO]   - SiC depth: 195.00
2025-10-09 23:44:45 [INFO]   - SiO2 thickness: 5.00
2025-10-09 23:44:45 [INFO]   - Vacuum height: 200.00
2025-10-09 23:44:45 [INFO]   - Tip radius: 45.00
2025-10-09 23:44:45 [INFO]   - Tip height: 8.00
2025-10-09 23:44:45 [INFO] Checking geometry integrity...
2025-10-09 23:44:45 [INFO]   - Number of points defined: 17
2025-10-09 23:44:45 [INFO] Starting mesh generation...
2025-10-09 23:44:45 [INFO]   (This may take a while for complex geometries...)
2025-10-09 23:44:46 [INFO] Mesh generation completed
2025-10-09 23:44:46 [INFO] Mesh generated with 15617 elements and 7985 vertices
2025-10-09 23:44:46 [INFO] {
  "L_c": 1e-09,
  "V_c": 0.025851999786435535,
  "C0": 6.999508091037586e-25,
  "Ef_dimless": 119.49231849584909,
  "Ec_dimless": 126.10243025417755,
  "Ev_dimless": 0.0,
  "Ed_dimless": 122.62107481771253,
  "lambda_ff": 0.0019999999999999996,
  "sigma_s_target": 6.999508091037585,
  "Feenstra": false
}
2025-10-09 23:44:46 [INFO] Performing warm-start with linear Poisson equation...
2025-10-09 23:44:46 [INFO]   [Linear Warm-up] Solved at V_tip = 0.50 V
2025-10-09 23:44:46 [INFO]   [Linear Warm-up] Solved at V_tip = 1.00 V
2025-10-09 23:44:46 [INFO]   [Linear Warm-up] Solved at V_tip = 1.50 V
2025-10-09 23:44:46 [INFO]   [Linear Warm-up] Solved at V_tip = 2.00 V
2025-10-09 23:44:46 [INFO] --- Starting Homotopy Stage: Space Charge ---
2025-10-09 23:44:46 [INFO]   [Space Charge Homotopy: θ=0.100] Converged in 18 Newton iterations.
2025-10-09 23:44:47 [INFO]   [Space Charge Homotopy: θ=0.250] Converged in 7 Newton iterations.
2025-10-09 23:44:47 [INFO]   [Space Charge Homotopy: θ=0.475] Converged in 6 Newton iterations.
2025-10-09 23:44:47 [INFO]   [Space Charge Homotopy: θ=0.812] Converged in 6 Newton iterations.
2025-10-09 23:44:47 [INFO]   [Space Charge Homotopy: θ=1.000] Converged in 6 Newton iterations.
2025-10-09 23:44:47 [INFO] --- Starting Homotopy Stage: Interface Charge ---
2025-10-09 23:44:47 [INFO]   [Interface Charge Homotopy: θ=0.100] Converged in 6 Newton iterations.
2025-10-09 23:44:48 [INFO]   [Interface Charge Homotopy: θ=0.250] Converged in 6 Newton iterations.
2025-10-09 23:44:48 [INFO]   [Interface Charge Homotopy: θ=0.475] Converged in 6 Newton iterations.
2025-10-09 23:44:48 [INFO]   [Interface Charge Homotopy: θ=0.812] Converged in 6 Newton iterations.
2025-10-09 23:44:48 [INFO]   [Interface Charge Homotopy: θ=1.000] Converged in 6 Newton iterations.
2025-10-09 23:44:48 [INFO] Saved results to example_output_b
2025-10-09 23:44:48 [INFO] Finished simulation at 2025-10-09 23:44:48.778014, duration: 0:00:03.159933
