2026-01-01 14:01:09 [INFO] Started simulation at 2026-01-01 14:01:09.232832
2026-01-01 14:01:09 [INFO] FD_POLY=None
2026-01-01 14:01:09 [INFO] Geometry defined with:
2026-01-01 14:01:09 [INFO]   - Domain radius: 500.00
2026-01-01 14:01:09 [INFO]   - SiC depth: 195.00
2026-01-01 14:01:09 [INFO]   - SiO2 thickness: 5.00
2026-01-01 14:01:09 [INFO]   - Vacuum height: 200.00
2026-01-01 14:01:09 [INFO]   - Tip radius: 45.00
2026-01-01 14:01:09 [INFO]   - Tip height: 8.00
2026-01-01 14:01:09 [INFO] Checking geometry integrity...
2026-01-01 14:01:09 [INFO]   - Number of points defined: 17
2026-01-01 14:01:09 [INFO] Starting mesh generation...
2026-01-01 14:01:09 [INFO]   (This may take a while for complex geometries...)
2026-01-01 14:01:09 [INFO] Mesh generation completed
2026-01-01 14:01:09 [INFO] Mesh generated with 15617 elements and 7985 vertices
2026-01-01 14:01:09 [INFO] {
  "L_c": 1e-09,
  "V_c": 0.025851999786435535,
  "C0": 6.999508091037586e-25,
  "Ef_dimless": 119.57561320389834,
  "Ec_dimless": 126.10243025417755,
  "Ev_dimless": 0.0,
  "Edh_dimless": 121.30589609727016,
  "Edc_dimless": 123.54943626743653,
  "lambda_ff": 0.0019999999999999996,
  "sigma_s_target": 6.999508091037585,
  "Feenstra": true
}
2026-01-01 14:01:09 [INFO] Performing warm-start with linear Poisson equation...
2026-01-01 14:01:10 [INFO]   [Linear Warm-up] Solved at V_tip = 0.50 V
2026-01-01 14:01:10 [INFO]   [Linear Warm-up] Solved at V_tip = 1.00 V
2026-01-01 14:01:10 [INFO]   [Linear Warm-up] Solved at V_tip = 1.50 V
2026-01-01 14:01:10 [INFO]   [Linear Warm-up] Solved at V_tip = 2.00 V
2026-01-01 14:01:10 [INFO] --- Starting Homotopy Stage: Space Charge ---
2026-01-01 14:01:10 [INFO]   [Space Charge Homotopy: θ=0.100] Converged in 10 Newton iterations.
2026-01-01 14:01:11 [INFO]   [Space Charge Homotopy: θ=0.250] Converged in 7 Newton iterations.
2026-01-01 14:01:11 [INFO]   [Space Charge Homotopy: θ=0.475] Converged in 6 Newton iterations.
2026-01-01 14:01:11 [INFO]   [Space Charge Homotopy: θ=0.812] Converged in 6 Newton iterations.
2026-01-01 14:01:12 [INFO]   [Space Charge Homotopy: θ=1.000] Converged in 6 Newton iterations.
2026-01-01 14:01:12 [INFO] --- Starting Homotopy Stage: Interface Charge ---
2026-01-01 14:01:12 [INFO]   [Interface Charge Homotopy: θ=0.100] Converged in 6 Newton iterations.
2026-01-01 14:01:12 [INFO]   [Interface Charge Homotopy: θ=0.250] Converged in 6 Newton iterations.
2026-01-01 14:01:13 [INFO]   [Interface Charge Homotopy: θ=0.475] Converged in 6 Newton iterations.
2026-01-01 14:01:13 [INFO]   [Interface Charge Homotopy: θ=0.812] Converged in 6 Newton iterations.
2026-01-01 14:01:13 [INFO]   [Interface Charge Homotopy: θ=1.000] Converged in 6 Newton iterations.
2026-01-01 14:01:13 [INFO] Saved results to publication
2026-01-01 14:01:13 [INFO] Finished simulation at 2026-01-01 14:01:13.702401, duration: 0:00:04.469569
