2025-10-09 17:13:19 [INFO] Started simulation at 2025-10-09 17:13:19.236373
2025-10-09 17:13:19 [INFO] Geometry defined with:
2025-10-09 17:13:19 [INFO]   - Domain radius: 500.00
2025-10-09 17:13:19 [INFO]   - SiC depth: 195.00
2025-10-09 17:13:19 [INFO]   - SiO2 thickness: 5.00
2025-10-09 17:13:19 [INFO]   - Vacuum height: 200.00
2025-10-09 17:13:19 [INFO]   - Tip radius: 45.00
2025-10-09 17:13:19 [INFO]   - Tip height: 8.00
2025-10-09 17:13:19 [INFO] Checking geometry integrity...
2025-10-09 17:13:19 [INFO]   - Number of points defined: 17
2025-10-09 17:13:19 [INFO] Starting mesh generation...
2025-10-09 17:13:19 [INFO]   (This may take a while for complex geometries...)
2025-10-09 17:13:19 [INFO] Mesh generation completed
2025-10-09 17:13:19 [INFO] Mesh generated with 19550 elements and 9952 vertices
2025-10-09 17:13:19 [INFO] {
  "L_c": 1e-09,
  "V_c": 0.025851999786435535,
  "C0": 6.999508091037586e-25,
  "Ef_dimless": 119.49231849584909,
  "Ec_dimless": 126.10243025417755,
  "Ev_dimless": 0.0,
  "Ed_dimless": 122.62107481771253,
  "lambda_ff": 0.0019999999999999996,
  "sigma_s_target": 6.999508091037585
}
2025-10-09 17:13:19 [INFO] Performing warm-start with linear Poisson equation...
2025-10-09 17:13:19 [INFO]   [Linear Warm-up] Solved at V_tip = 0.50 V
2025-10-09 17:13:19 [INFO]   [Linear Warm-up] Solved at V_tip = 1.00 V
2025-10-09 17:13:20 [INFO]   [Linear Warm-up] Solved at V_tip = 1.50 V
2025-10-09 17:13:20 [INFO]   [Linear Warm-up] Solved at V_tip = 2.00 V
2025-10-09 17:13:20 [INFO] --- Starting Homotopy Stage: Space Charge ---
2025-10-09 17:13:21 [INFO]   [Space Charge Homotopy: θ=0.100] Converged in 12 Newton iterations.
2025-10-09 17:13:22 [INFO]   [Space Charge Homotopy: θ=0.250] Converged in 6 Newton iterations.
2025-10-09 17:13:22 [INFO]   [Space Charge Homotopy: θ=0.475] Converged in 6 Newton iterations.
2025-10-09 17:13:23 [INFO]   [Space Charge Homotopy: θ=0.812] Converged in 6 Newton iterations.
2025-10-09 17:13:24 [INFO]   [Space Charge Homotopy: θ=1.000] Converged in 5 Newton iterations.
2025-10-09 17:13:24 [INFO] --- Starting Homotopy Stage: Interface Charge ---
2025-10-09 17:13:24 [INFO]   [Interface Charge Homotopy: θ=0.100] Converged in 6 Newton iterations.
2025-10-09 17:13:25 [INFO]   [Interface Charge Homotopy: θ=0.250] Converged in 6 Newton iterations.
2025-10-09 17:13:26 [INFO]   [Interface Charge Homotopy: θ=0.475] Converged in 6 Newton iterations.
2025-10-09 17:13:26 [INFO]   [Interface Charge Homotopy: θ=0.812] Converged in 6 Newton iterations.
2025-10-09 17:13:27 [INFO]   [Interface Charge Homotopy: θ=1.000] Converged in 6 Newton iterations.
2025-10-09 17:13:27 [INFO] Saved results to example_output
2025-10-09 17:13:27 [INFO] Finished simulation at 2025-10-09 17:13:27.693062, duration: 0:00:08.456689
