2025-11-13 16:44:40 [INFO] Started simulation at 2025-11-13 16:44:40.625660
2025-11-13 16:44:40 [INFO] Geometry defined with:
2025-11-13 16:44:40 [INFO]   - Domain radius: 500.00
2025-11-13 16:44:40 [INFO]   - Diamond depth: 200.00
2025-11-13 16:44:40 [INFO]   - Vacuum height: 200.00
2025-11-13 16:44:40 [INFO]   - Tip radius: 45.00
2025-11-13 16:44:40 [INFO]   - Tip height: 8.00
2025-11-13 16:44:40 [INFO]   - Virtual layer thickness: 5.00
2025-11-13 16:44:40 [INFO] Checking geometry integrity...
2025-11-13 16:44:40 [INFO]   - Number of points defined: 15
2025-11-13 16:44:40 [INFO] Starting mesh generation...
2025-11-13 16:44:40 [INFO]   (This may take a while for complex geometries...)
2025-11-13 16:45:46 [INFO] Mesh generation completed
2025-11-13 16:45:46 [INFO] Mesh generated with 649783 elements and 325127 vertices
2025-11-13 16:45:46 [INFO] {
  "L_c": 1e-09,
  "V_c": 0.025851999786435535,
  "C0": 6.999508091037586e-25,
  "Ef_dimless": 10.678478576514296,
  "Ec_dimless": 212.74949889508483,
  "Ev_dimless": 0.0,
  "Ea_dimless": 14.312239016578433,
  "lambda_ff": 0.0019999999999999996,
  "sigma_s_target": -699.9508091037586,
  "Feenstra": true
}
2025-11-13 16:45:46 [INFO] Performing warm-start with linear Poisson equation...
2025-11-13 16:45:48 [INFO]   [Linear Warm-up] Solved at V_tip = 0.50 V
2025-11-13 16:45:50 [INFO]   [Linear Warm-up] Solved at V_tip = 1.00 V
2025-11-13 16:45:52 [INFO]   [Linear Warm-up] Solved at V_tip = 1.50 V
2025-11-13 16:45:54 [INFO]   [Linear Warm-up] Solved at V_tip = 2.00 V
2025-11-13 16:45:54 [INFO] --- Starting Homotopy Stage: Space Charge ---
2025-11-13 16:46:05 [INFO]   [Space Charge Homotopy: θ=0.100] Converged in 6 Newton iterations.
2025-11-13 16:46:17 [INFO]   [Space Charge Homotopy: θ=0.250] Converged in 6 Newton iterations.
2025-11-13 16:46:28 [INFO]   [Space Charge Homotopy: θ=0.475] Converged in 6 Newton iterations.
2025-11-13 16:46:39 [INFO]   [Space Charge Homotopy: θ=0.812] Converged in 6 Newton iterations.
2025-11-13 16:46:49 [INFO]   [Space Charge Homotopy: θ=1.000] Converged in 5 Newton iterations.
2025-11-13 16:46:49 [INFO] --- Starting Homotopy Stage: Interface Charge ---
2025-11-13 16:49:27 [WARNING]   [Interface Charge Homotopy: θ→0.100] Failed (Newton solver did not converge). Reducing step to 0.0500.
